0 info it worked if it ends with ok
1 verbose cli [ 'node', '/usr/local/bin/npm', 'install', 'angular', 'payments' ]
2 info using npm@1.4.23
3 info using node@v0.10.31
4 verbose readDependencies using package.json deps
5 verbose cache add [ 'angular', null ]
6 verbose cache add name=undefined spec="angular" args=["angular",null]
7 verbose parsed url { protocol: null,
7 verbose parsed url   slashes: null,
7 verbose parsed url   auth: null,
7 verbose parsed url   host: null,
7 verbose parsed url   port: null,
7 verbose parsed url   hostname: null,
7 verbose parsed url   hash: null,
7 verbose parsed url   search: null,
7 verbose parsed url   query: null,
7 verbose parsed url   pathname: 'angular',
7 verbose parsed url   path: 'angular',
7 verbose parsed url   href: 'angular' }
8 verbose cache add [ 'payments', null ]
9 verbose cache add name=undefined spec="payments" args=["payments",null]
10 verbose parsed url { protocol: null,
10 verbose parsed url   slashes: null,
10 verbose parsed url   auth: null,
10 verbose parsed url   host: null,
10 verbose parsed url   port: null,
10 verbose parsed url   hostname: null,
10 verbose parsed url   hash: null,
10 verbose parsed url   search: null,
10 verbose parsed url   query: null,
10 verbose parsed url   pathname: 'payments',
10 verbose parsed url   path: 'payments',
10 verbose parsed url   href: 'payments' }
11 silly lockFile 54e0c177-angular angular
12 verbose lock angular /Users/chuckpierce/.npm/54e0c177-angular.lock
13 silly lockFile 40c47702-payments payments
14 verbose lock payments /Users/chuckpierce/.npm/40c47702-payments.lock
15 silly lockFile 54e0c177-angular angular
16 silly lockFile 54e0c177-angular angular
17 silly lockFile 40c47702-payments payments
18 silly lockFile 40c47702-payments payments
19 verbose addNamed [ 'angular', '' ]
20 verbose addNamed [ null, '*' ]
21 silly lockFile fdbbf89d-angular angular@
22 verbose lock angular@ /Users/chuckpierce/.npm/fdbbf89d-angular.lock
23 verbose addNamed [ 'payments', '' ]
24 verbose addNamed [ null, '*' ]
25 silly lockFile 42fd9c0c-payments payments@
26 verbose lock payments@ /Users/chuckpierce/.npm/42fd9c0c-payments.lock
27 silly addNameRange { name: 'angular', range: '*', hasData: false }
28 verbose request where is /angular
29 verbose request registry https://registry.npmjs.org/
30 verbose request id 0e2168bd0e2392c7
31 verbose url raw /angular
32 verbose url resolving [ 'https://registry.npmjs.org/', './angular' ]
33 verbose url resolved https://registry.npmjs.org/angular
34 verbose request where is https://registry.npmjs.org/angular
35 info trying registry request attempt 1 at 11:44:00
36 http GET https://registry.npmjs.org/angular
37 silly addNameRange { name: 'payments', range: '*', hasData: false }
38 verbose request where is /payments
39 verbose request registry https://registry.npmjs.org/
40 verbose url raw /payments
41 verbose url resolving [ 'https://registry.npmjs.org/', './payments' ]
42 verbose url resolved https://registry.npmjs.org/payments
43 verbose request where is https://registry.npmjs.org/payments
44 info trying registry request attempt 1 at 11:44:01
45 http GET https://registry.npmjs.org/payments
46 http 200 https://registry.npmjs.org/angular
47 silly registry.get cb [ 200,
47 silly registry.get   { date: 'Fri, 23 Jan 2015 16:44:01 GMT',
47 silly registry.get     server: 'CouchDB/1.5.0 (Erlang OTP/R16B03)',
47 silly registry.get     etag: '"5E1OATDWXBANHT17JFN6SFT7P"',
47 silly registry.get     'content-type': 'application/json',
47 silly registry.get     'cache-control': 'max-age=60',
47 silly registry.get     'content-length': '77009',
47 silly registry.get     'accept-ranges': 'bytes',
47 silly registry.get     via: '1.1 varnish',
47 silly registry.get     age: '36',
47 silly registry.get     'x-served-by': 'cache-iad2125-IAD',
47 silly registry.get     'x-cache': 'HIT',
47 silly registry.get     'x-cache-hits': '8',
47 silly registry.get     'x-timer': 'S1422031441.058091,VS0,VE0',
47 silly registry.get     vary: 'Accept',
47 silly registry.get     'keep-alive': 'timeout=10, max=50',
47 silly registry.get     connection: 'Keep-Alive' } ]
48 silly addNameRange number 2 { name: 'angular', range: '*', hasData: true }
49 silly addNameRange versions [ 'angular',
49 silly addNameRange   [ '0.0.1',
49 silly addNameRange     '0.0.1-1',
49 silly addNameRange     '0.0.1-2',
49 silly addNameRange     '0.0.2',
49 silly addNameRange     '0.0.3',
49 silly addNameRange     '0.0.4',
49 silly addNameRange     '1.0.0',
49 silly addNameRange     '1.0.1',
49 silly addNameRange     '1.0.2',
49 silly addNameRange     '1.0.3',
49 silly addNameRange     '1.0.4',
49 silly addNameRange     '1.0.5',
49 silly addNameRange     '1.0.6',
49 silly addNameRange     '1.0.7',
49 silly addNameRange     '1.0.8',
49 silly addNameRange     '1.1.0',
49 silly addNameRange     '1.1.1',
49 silly addNameRange     '1.1.2',
49 silly addNameRange     '1.1.3',
49 silly addNameRange     '1.1.4',
49 silly addNameRange     '1.1.5',
49 silly addNameRange     '1.2.0',
49 silly addNameRange     '1.2.1',
49 silly addNameRange     '1.2.2',
49 silly addNameRange     '1.2.3',
49 silly addNameRange     '1.2.4',
49 silly addNameRange     '1.2.5',
49 silly addNameRange     '1.2.6',
49 silly addNameRange     '1.2.7',
49 silly addNameRange     '1.2.8',
49 silly addNameRange     '1.2.9',
49 silly addNameRange     '1.2.10',
49 silly addNameRange     '1.2.11',
49 silly addNameRange     '1.2.12',
49 silly addNameRange     '1.2.13',
49 silly addNameRange     '1.2.14',
49 silly addNameRange     '1.2.15',
49 silly addNameRange     '1.2.16',
49 silly addNameRange     '1.2.17',
49 silly addNameRange     '1.2.18',
49 silly addNameRange     '1.2.19',
49 silly addNameRange     '1.2.20',
49 silly addNameRange     '1.2.21',
49 silly addNameRange     '1.2.22',
49 silly addNameRange     '1.2.23',
49 silly addNameRange     '1.3.0-rc.5',
49 silly addNameRange     '1.3.0',
49 silly addNameRange     '1.3.1',
49 silly addNameRange     '1.3.2',
49 silly addNameRange     '1.3.3',
49 silly addNameRange     '1.3.4-build.3588',
49 silly addNameRange     '1.2.27',
49 silly addNameRange     '1.3.4',
49 silly addNameRange     '1.3.5',
49 silly addNameRange     '1.3.36',
49 silly addNameRange     '1.3.6',
49 silly addNameRange     '1.3.7',
49 silly addNameRange     '1.2.28',
49 silly addNameRange     '1.3.8',
49 silly addNameRange     '1.4.0-beta.0',
49 silly addNameRange     '1.3.9',
49 silly addNameRange     '1.3.10',
49 silly addNameRange     '1.4.0-beta.1' ] ]
50 verbose addNamed [ 'angular', '1.3.10' ]
51 verbose addNamed [ '1.3.10', '1.3.10' ]
52 silly lockFile 73a41b33-angular-1-3-10 angular@1.3.10
53 verbose lock angular@1.3.10 /Users/chuckpierce/.npm/73a41b33-angular-1-3-10.lock
54 silly lockFile 4775cdeb-s-org-angular-angular-1-3-10-tgz https://registry.npmjs.org/angular/-/angular-1.3.10.tgz
55 verbose lock https://registry.npmjs.org/angular/-/angular-1.3.10.tgz /Users/chuckpierce/.npm/4775cdeb-s-org-angular-angular-1-3-10-tgz.lock
56 verbose addRemoteTarball [ 'https://registry.npmjs.org/angular/-/angular-1.3.10.tgz',
56 verbose addRemoteTarball   '43e5cc7665b457690d21526d3cb8bda5faba39f4' ]
57 http 404 https://registry.npmjs.org/payments
58 verbose headers { date: 'Fri, 23 Jan 2015 16:44:01 GMT',
58 verbose headers   server: 'CouchDB/1.5.0 (Erlang OTP/R16B03)',
58 verbose headers   'content-type': 'application/json',
58 verbose headers   'cache-control': 'max-age=0',
58 verbose headers   'content-length': '52',
58 verbose headers   'accept-ranges': 'bytes',
58 verbose headers   via: '1.1 varnish',
58 verbose headers   age: '0',
58 verbose headers   'x-served-by': 'cache-iad2147-IAD',
58 verbose headers   'x-cache': 'MISS',
58 verbose headers   'x-cache-hits': '0',
58 verbose headers   'x-timer': 'S1422031441.063527,VS0,VE87',
58 verbose headers   'keep-alive': 'timeout=10, max=50',
58 verbose headers   connection: 'Keep-Alive' }
59 silly registry.get cb [ 404,
59 silly registry.get   { date: 'Fri, 23 Jan 2015 16:44:01 GMT',
59 silly registry.get     server: 'CouchDB/1.5.0 (Erlang OTP/R16B03)',
59 silly registry.get     'content-type': 'application/json',
59 silly registry.get     'cache-control': 'max-age=0',
59 silly registry.get     'content-length': '52',
59 silly registry.get     'accept-ranges': 'bytes',
59 silly registry.get     via: '1.1 varnish',
59 silly registry.get     age: '0',
59 silly registry.get     'x-served-by': 'cache-iad2147-IAD',
59 silly registry.get     'x-cache': 'MISS',
59 silly registry.get     'x-cache-hits': '0',
59 silly registry.get     'x-timer': 'S1422031441.063527,VS0,VE87',
59 silly registry.get     'keep-alive': 'timeout=10, max=50',
59 silly registry.get     connection: 'Keep-Alive' } ]
60 silly lockFile 42fd9c0c-payments payments@
61 silly lockFile 42fd9c0c-payments payments@
62 error 404 404 Not Found: payments
62 error 404
62 error 404 'payments' is not in the npm registry.
62 error 404 You should bug the author to publish it
62 error 404 It was specified as a dependency of 'beerme'
62 error 404
62 error 404 Note that you can also install from a
62 error 404 tarball, folder, or http url, or git url.
63 error System Darwin 14.0.0
64 error command "node" "/usr/local/bin/npm" "install" "angular" "payments"
65 error cwd /Users/chuckpierce/Fullstack/beerme
66 error node -v v0.10.31
67 error npm -v 1.4.23
68 error code E404
69 verbose exit [ 1, true ]
